python: can't open file '/home/arashima/social-transmotion/main_skeleton_coord.py': [Errno 2] No such file or directory
python: can't open file '/home/arashima/social-transmotion/main_skeleton_coord.py': [Errno 2] No such file or directory
python: can't open file '/home/arashima/social-transmotion/main_skeleton_coord.py': [Errno 2] No such file or directory
python: can't open file '/home/arashima/social-transmotion/main_skeleton_coord.py': [Errno 2] No such file or directory
python: can't open file '/home/arashima/social-transmotion/main_skeleton_coord.py': [Errno 2] No such file or directory
Initializing with config:
{'SEED': 0, 'TRAIN': {'batch_size': 4, 'epochs': 50, 'num_workers': 1, 'input_track_size': 9, 'output_track_size': 12, 'lr': 0.0001, 'lr_decay': 1, 'lr_drop': True, 'aux_weight': 0.2, 'val_frequency': 5, 'optimizer': 'adam', 'max_grad_norm': 1.0}, 'DATA': {'train_datasets': ['jta_3dp'], 'train_fraction': 1, 'val_fraction': 1}, 'MODEL': {'seq_len': 219, 'token_num': 23, 'num_layers_local': 6, 'num_layers_global': 3, 'num_heads': 4, 'dim_hidden': 128, 'dim_feedforward': 1024, 'mask_rate': 0.0, 'type': 'transmotion', 'eval_single': False, 'checkpoint': '', 'output_scale': 1, 'backbone_ckpt': './skeleton_mae/ckpt/0.5_mask0/checkpoints/best_model_final.pth'}, 'OUTPUT': {'log_dir': '/home/arashima/social-transmotion/experiments/test', 'ckpt_dir': '/home/arashima/social-transmotion/experiments/test/checkpoints', 'runs_dir': '/home/arashima/social-transmotion/experiments/test/tensorboard'}, 'dry_run': False, 'wandb_project': 'social-transmotion', 'wandb_entity': None, 'DEVICE': 'cuda:0'}
wandb: Currently logged in as: taishu-arashima-anzu (taishu-arashima-anzu-chiba) to https://api.wandb.ai. Use `wandb login --relogin` to force relogin
wandb: Tracking run with wandb version 0.20.1
wandb: Run data is saved locally in /home/arashima/social-transmotion/wandb/run-20260326_014831-jlqbmofc
wandb: Run `wandb offline` to turn off syncing.
wandb: Syncing run test
wandb: ⭐️ View project at https://wandb.ai/taishu-arashima-anzu-chiba/social-transmotion
wandb: 🚀 View run at https://wandb.ai/taishu-arashima-anzu-chiba/social-transmotion/runs/jlqbmofc
Loading dataset jta_3dp
Initializing with config:
{'SEED': 0, 'TRAIN': {'batch_size': 4, 'epochs': 50, 'num_workers': 1, 'input_track_size': 9, 'output_track_size': 12, 'lr': 0.0001, 'lr_decay': 1, 'lr_drop': True, 'aux_weight': 0.2, 'val_frequency': 5, 'optimizer': 'adam', 'max_grad_norm': 1.0}, 'DATA': {'train_datasets': ['jta_3dp'], 'train_fraction': 1, 'val_fraction': 1}, 'MODEL': {'seq_len': 219, 'token_num': 23, 'num_layers_local': 6, 'num_layers_global': 3, 'num_heads': 4, 'dim_hidden': 128, 'dim_feedforward': 1024, 'mask_rate': 0.0, 'type': 'transmotion', 'eval_single': False, 'checkpoint': '', 'output_scale': 1, 'backbone_ckpt': './skeleton_mae/ckpt/0.5_mask0/checkpoints/best_model_final.pth'}, 'OUTPUT': {'log_dir': '/home/arashima/social-transmotion/experiments/test', 'ckpt_dir': '/home/arashima/social-transmotion/experiments/test/checkpoints', 'runs_dir': '/home/arashima/social-transmotion/experiments/test/tensorboard'}, 'dry_run': False, 'wandb_project': 'social-transmotion', 'wandb_entity': None, 'DEVICE': 'cuda:0'}
wandb: W&B API key is configured. Use `wandb login --relogin` to force relogin
wandb: Tracking run with wandb version 0.20.1
wandb: Run data is saved locally in /home/arashima/social-transmotion/wandb/run-20260326_014858-u0o4pa47
wandb: Run `wandb offline` to turn off syncing.
wandb: Syncing run test
wandb: ⭐️ View project at https://wandb.ai/taishu-arashima-anzu-chiba/social-transmotion
wandb: 🚀 View run at https://wandb.ai/taishu-arashima-anzu-chiba/social-transmotion/runs/u0o4pa47
Loading dataset jta_3dp
train
data/jta_3dp/train
Training on a total of 88719 annotations.
Loading dataset jta_3dp
val
data/jta_3dp/val
Creating TransMotion3DP model.
Model has 3188546 parameters.
Epoch 0: Learning rate adjusted to 0.000100
[1;34mwandb[0m: 
[1;34mwandb[0m: 🚀 View run [33mtest[0m at: [34mhttps://wandb.ai/taishu-arashima-anzu-chiba/social-transmotion/runs/jlqbmofc[0m
[1;34mwandb[0m: Find logs at: [1;35mwandb/run-20260326_014831-jlqbmofc/logs[0m
train
data/jta_3dp/train
Training on a total of 88719 annotations.
Loading dataset jta_3dp
Traceback (most recent call last):
  File "train_jta_3dp.py", line 380, in <module>
    train(cfg, logger, experiment_name=args.exp_name, dataset_name=dataset, dataloader_generator=dataloader_generator)
  File "train_jta_3dp.py", line 237, in train
    loss, pred_joints = compute_loss(model, config, in_joints, out_joints, in_masks, out_masks, padding_mask, epoch=epoch, mode='train', optimizer=None)
  File "train_jta_3dp.py", line 67, in compute_loss
    pred_joints = model(in_joints, padding_mask, metamask=metamask)
  File "/home/arashima/anaconda3/envs/social-transmotion/lib/python3.8/site-packages/torch/nn/modules/module.py", line 1194, in _call_impl
    return forward_call(*input, **kwargs)
  File "/home/arashima/social-transmotion/model_jta_3dp_finetune.py", line 269, in forward
    out_local = self.local_former(tgt, mask=None, src_key_padding_mask=tgt_padding_mask_local)
  File "/home/arashima/anaconda3/envs/social-transmotion/lib/python3.8/site-packages/torch/nn/modules/module.py", line 1194, in _call_impl
    return forward_call(*input, **kwargs)
  File "/home/arashima/social-transmotion/model_jta_3dp_finetune.py", line 57, in forward
    output = mod(output, src_mask=mask, src_key_padding_mask=src_key_padding_mask)
  File "/home/arashima/anaconda3/envs/social-transmotion/lib/python3.8/site-packages/torch/nn/modules/module.py", line 1194, in _call_impl
    return forward_call(*input, **kwargs)
  File "/home/arashima/social-transmotion/model_jta_3dp_finetune.py", line 20, in forward
    attn_out, attn_w = self._sa_block(x, src_mask, src_key_padding_mask, is_causal, need_attn)
  File "/home/arashima/social-transmotion/model_jta_3dp_finetune.py", line 29, in _sa_block
    attn_output, attn_output_weights = self.self_attn(
  File "/home/arashima/anaconda3/envs/social-transmotion/lib/python3.8/site-packages/torch/nn/modules/module.py", line 1194, in _call_impl
    return forward_call(*input, **kwargs)
TypeError: forward() got an unexpected keyword argument 'is_causal'
val
data/jta_3dp/val
Creating TransMotion3DP model.
Model has 3188546 parameters.
Epoch 0: Learning rate adjusted to 0.000100
------------------------------BEST MODEL UPDATED------------------------------
Best ADE:  1.8033943571328783
Best ADE: 1.803394
Saving checkpoint to best_val_checkpoint.pth.tar.
time for training:  670.6106522083282
epoch  0  finished!
Epoch 0 finished! Training time: 670.61 seconds
Epoch 1: Learning rate adjusted to 0.000100
------------------------------BEST MODEL UPDATED------------------------------
Best ADE:  1.7579649735674117
Best ADE: 1.757965
Saving checkpoint to best_val_checkpoint.pth.tar.
time for training:  669.3779616355896
epoch  1  finished!
Epoch 1 finished! Training time: 669.38 seconds
Epoch 2: Learning rate adjusted to 0.000100
